Build started 29.12.2015 01:46:29.
     1>Project "E:\Spiele\Firaxis Games\Sid Meier's Civilization 4\Beyond the Sword\Mods\RFC Dawn of Civilization\CvGameCoreDLL\CvGameCoreDLL.vcxproj" on node 2 (build target(s)).
     1>Build:
         set TARGET=Debug
         nmake source_list
         nmake fastdep
         nmake dll
         
         Microsoft (R) Program Maintenance Utility Version 10.00.30319.01
         Copyright (C) Microsoft Corporation.  All rights reserved.
         
         Building source list
         
         Microsoft (R) Program Maintenance Utility Version 10.00.30319.01
         Copyright (C) Microsoft Corporation.  All rights reserved.
         
         Running fastdep
         
         Microsoft (R) Program Maintenance Utility Version 10.00.30319.01
         Copyright (C) Microsoft Corporation.  All rights reserved.
         
         CvPlot.cpp
         Linking DLL
         	COPY "temp_files\Debug\CvGameCoreDLL.dll" "Debug\CvGameCoreDLL.dll"
                 1 Datei(en) kopiert.
         	COPY "Debug\CvGameCoreDLL.dll" "..\Assets\."
                 1 Datei(en) kopiert.
     1>Done Building Project "E:\Spiele\Firaxis Games\Sid Meier's Civilization 4\Beyond the Sword\Mods\RFC Dawn of Civilization\CvGameCoreDLL\CvGameCoreDLL.vcxproj" (build target(s)).

Build succeeded.

Time Elapsed 00:00:01.98
